#! /usr/bin/vvp
:ivl_version "11.0 (stable)";
:ivl_delay_selection "TYPICAL";
:vpi_time_precision + 0;
:vpi_module "/usr/lib/x86_64-linux-gnu/ivl/system.vpi";
:vpi_module "/usr/lib/x86_64-linux-gnu/ivl/vhdl_sys.vpi";
:vpi_module "/usr/lib/x86_64-linux-gnu/ivl/vhdl_textio.vpi";
:vpi_module "/usr/lib/x86_64-linux-gnu/ivl/v2005_math.vpi";
:vpi_module "/usr/lib/x86_64-linux-gnu/ivl/va_math.vpi";
S_0x5d2f8a55c580 .scope module, "tb_counter" "tb_counter" 2 3;
 .timescale 0 0;
v0x5d2f8a56ea60_0 .var "clk", 0 0;
v0x5d2f8a56eb30_0 .net "count", 9 0, v0x5d2f8a56e860_0;  1 drivers
v0x5d2f8a56ec00_0 .var "reset", 0 0;
S_0x5d2f8a55c710 .scope module, "uut" "counter" 2 8, 3 2 0, S_0x5d2f8a55c580;
 .timescale 0 0;
    .port_info 0 /INPUT 1 "clk";
    .port_info 1 /INPUT 1 "reset";
    .port_info 2 /OUTPUT 10 "count";
v0x5d2f8a524ba0_0 .net "clk", 0 0, v0x5d2f8a56ea60_0;  1 drivers
v0x5d2f8a56e860_0 .var "count", 9 0;
v0x5d2f8a56e940_0 .net "reset", 0 0, v0x5d2f8a56ec00_0;  1 drivers
E_0x5d2f8a55b9e0 .event posedge, v0x5d2f8a56e940_0, v0x5d2f8a524ba0_0;
    .scope S_0x5d2f8a55c710;
T_0 ;
    %wait E_0x5d2f8a55b9e0;
    %load/vec4 v0x5d2f8a56e940_0;
    %flag_set/vec4 8;
    %jmp/0xz  T_0.0, 8;
    %pushi/vec4 0, 0, 10;
    %assign/vec4 v0x5d2f8a56e860_0, 0;
    %jmp T_0.1;
T_0.0 ;
    %load/vec4 v0x5d2f8a56e860_0;
    %addi 1, 0, 10;
    %assign/vec4 v0x5d2f8a56e860_0, 0;
T_0.1 ;
    %jmp T_0;
    .thread T_0;
    .scope S_0x5d2f8a55c580;
T_1 ;
    %delay 5, 0;
    %load/vec4 v0x5d2f8a56ea60_0;
    %inv;
    %store/vec4 v0x5d2f8a56ea60_0, 0, 1;
    %jmp T_1;
    .thread T_1;
    .scope S_0x5d2f8a55c580;
T_2 ;
    %pushi/vec4 0, 0, 1;
    %store/vec4 v0x5d2f8a56ea60_0, 0, 1;
    %pushi/vec4 1, 0, 1;
    %store/vec4 v0x5d2f8a56ec00_0, 0, 1;
    %delay 10, 0;
    %pushi/vec4 0, 0, 1;
    %store/vec4 v0x5d2f8a56ec00_0, 0, 1;
    %delay 100, 0;
    %pushi/vec4 1, 0, 1;
    %store/vec4 v0x5d2f8a56ec00_0, 0, 1;
    %delay 10, 0;
    %pushi/vec4 0, 0, 1;
    %store/vec4 v0x5d2f8a56ec00_0, 0, 1;
    %delay 50, 0;
    %vpi_call 2 35 "$finish" {0 0 0};
    %end;
    .thread T_2;
    .scope S_0x5d2f8a55c580;
T_3 ;
    %vpi_call 2 40 "$monitor", "Time = %0t, Reset = %b, Count = %b", $time, v0x5d2f8a56ec00_0, v0x5d2f8a56eb30_0 {0 0 0};
    %end;
    .thread T_3;
# The file index is used to find the file name in the following table.
:file_names 4;
    "N/A";
    "<interactive>";
    "counter_tb.v";
    "counter.v";
